<?xml version="1.0" encoding="UTF-8"?>
<!-- Generated by org.testng.reporters.JUnitXMLReporter -->
<testsuite ignored="0" hostname="codespaces-55d4a3" failures="0" tests="4" name="Surefire test" time="5.502" errors="0" timestamp="2026-03-11T05:09:02 UTC">
  <testcase classname="com.api.tests.SampleTest" name="createUser" time="3.833"/>
  <testcase classname="com.api.tests.SampleTest" name="deleteUser" time="0.384"/>
  <testcase classname="com.api.tests.SampleTest" name="readUser" time="0.09"/>
  <testcase classname="com.api.tests.SampleTest" name="updateUser" time="1.159"/>
</testsuite> <!-- Surefire test -->
