<?xml version="1.0" encoding="UTF-8"?>
<testng-results ignored="0" total="4" passed="4" failed="0" skipped="0">
  <reporter-output>
  </reporter-output>
  <suite started-at="2026-03-11T05:08:56 UTC" name="Surefire suite" finished-at="2026-03-11T05:09:02 UTC" duration-ms="5502">
    <groups>
    </groups>
    <test started-at="2026-03-11T05:08:56 UTC" name="Surefire test" finished-at="2026-03-11T05:09:02 UTC" duration-ms="5502">
      <class name="com.api.tests.SampleTest">
        <test-method signature="createUser()[pri:0, instance:com.api.tests.SampleTest@4148db48]" started-at="2026-03-11T05:08:56 UTC" name="createUser" finished-at="2026-03-11T05:09:00 UTC" duration-ms="3833" status="PASS">
          <reporter-output>
          </reporter-output>
        </test-method> <!-- createUser -->
        <test-method signature="deleteUser()[pri:0, instance:com.api.tests.SampleTest@4148db48]" started-at="2026-03-11T05:09:00 UTC" name="deleteUser" finished-at="2026-03-11T05:09:00 UTC" duration-ms="384" status="PASS">
          <reporter-output>
          </reporter-output>
        </test-method> <!-- deleteUser -->
        <test-method signature="readUser()[pri:0, instance:com.api.tests.SampleTest@4148db48]" started-at="2026-03-11T05:09:00 UTC" name="readUser" finished-at="2026-03-11T05:09:00 UTC" duration-ms="90" status="PASS">
          <reporter-output>
          </reporter-output>
        </test-method> <!-- readUser -->
        <test-method signature="updateUser()[pri:0, instance:com.api.tests.SampleTest@4148db48]" started-at="2026-03-11T05:09:00 UTC" name="updateUser" finished-at="2026-03-11T05:09:02 UTC" duration-ms="1159" status="PASS">
          <reporter-output>
          </reporter-output>
        </test-method> <!-- updateUser -->
      </class> <!-- com.api.tests.SampleTest -->
    </test> <!-- Surefire test -->
  </suite> <!-- Surefire suite -->
</testng-results>
